[0.020s] Invoking command in '/home/kavin/ros2_ws/build/my_cpp_pkg': CMAKE_PREFIX_PATH=${CMAKE_PREFIX_PATH}:/home/kavin/ros2_ws/install/my_py_pkg LINENO=1 _=/usr/bin/env /usr/bin/cmake /home/kavin/ros2_ws/src/my_cpp_pkg -DCMAKE_INSTALL_PREFIX=/home/kavin/ros2_ws/install/my_cpp_pkg
[0.056s] -- The C compiler identification is GNU 12.2.1
[0.099s] -- The CXX compiler identification is GNU 12.2.1
[0.107s] -- Detecting C compiler ABI info
[0.142s] -- Detecting C compiler ABI info - done
[0.146s] -- Check for working C compiler: /usr/bin/cc - skipped
[0.146s] -- Detecting C compile features
[0.147s] -- Detecting C compile features - done
[0.149s] -- Detecting CXX compiler ABI info
[0.198s] -- Detecting CXX compiler ABI info - done
[0.202s] -- Check for working CXX compiler: /usr/bin/c++ - skipped
[0.203s] -- Detecting CXX compile features
[0.203s] -- Detecting CXX compile features - done
[0.204s] -- Found ament_cmake: 1.3.3 (/opt/ros/humble/share/ament_cmake/cmake)
[0.803s] -- Found Python3: /usr/bin/python3.10 (found version "3.10.9") found components: Interpreter 
[0.860s] -- Found rclcpp: 16.0.2 (/opt/ros/humble/share/rclcpp/cmake)
[0.895s] -- Found rosidl_generator_c: 3.1.4 (/opt/ros/humble/share/rosidl_generator_c/cmake)
[0.898s] -- Found rosidl_adapter: 3.1.4 (/opt/ros/humble/share/rosidl_adapter/cmake)
[0.902s] -- Found rosidl_generator_cpp: 3.1.4 (/opt/ros/humble/share/rosidl_generator_cpp/cmake)
[0.910s] -- Using all available rosidl_typesupport_c: rosidl_typesupport_fastrtps_c;rosidl_typesupport_introspection_c
[0.922s] -- Using all available rosidl_typesupport_cpp: rosidl_typesupport_fastrtps_cpp;rosidl_typesupport_introspection_cpp
[0.962s] -- Found rmw_implementation_cmake: 6.1.1 (/opt/ros/humble/share/rmw_implementation_cmake/cmake)
[0.964s] -- Found rmw_fastrtps_cpp: 6.2.2 (/opt/ros/humble/share/rmw_fastrtps_cpp/cmake)
[1.011s] -- Found OpenSSL: /usr/lib/libcrypto.so (found version "3.0.8")  
[1.021s] -- Found FastRTPS: /opt/ros/humble/include  
[1.037s] -- Using RMW implementation 'rmw_fastrtps_cpp' as default
[1.042s] -- Performing Test CMAKE_HAVE_LIBC_PTHREAD
[1.088s] -- Performing Test CMAKE_HAVE_LIBC_PTHREAD - Success
[1.089s] -- Found Threads: TRUE  
[1.237s] -- Configuring done
[1.241s] -- Generating done
[1.242s] -- Build files have been written to: /home/kavin/ros2_ws/build/my_cpp_pkg
[1.248s] Invoked command in '/home/kavin/ros2_ws/build/my_cpp_pkg' returned '0': CMAKE_PREFIX_PATH=${CMAKE_PREFIX_PATH}:/home/kavin/ros2_ws/install/my_py_pkg LINENO=1 _=/usr/bin/env /usr/bin/cmake /home/kavin/ros2_ws/src/my_cpp_pkg -DCMAKE_INSTALL_PREFIX=/home/kavin/ros2_ws/install/my_cpp_pkg
[1.249s] Invoking command in '/home/kavin/ros2_ws/build/my_cpp_pkg': CMAKE_PREFIX_PATH=${CMAKE_PREFIX_PATH}:/home/kavin/ros2_ws/install/my_py_pkg LINENO=1 _=/usr/bin/env /usr/bin/cmake --build /home/kavin/ros2_ws/build/my_cpp_pkg -- -j24 -l24
[1.278s] [ 50%] [32mBuilding CXX object CMakeFiles/cpp_node.dir/src/my_first_node.cpp.o[0m
[2.615s] [01m[K/home/kavin/ros2_ws/src/my_cpp_pkg/src/my_first_node.cpp:[m[K In function â€˜[01m[Kint main(int, char**)[m[Kâ€™:
[2.615s] [01m[K/home/kavin/ros2_ws/src/my_cpp_pkg/src/my_first_node.cpp:6:5:[m[K [01;31m[Kerror: [m[Kâ€˜[01m[Kautoo[m[Kâ€™ was not declared in this scope; did you mean â€˜[01m[Kauto[m[Kâ€™?
[2.615s]     6 |     [01;31m[Kautoo[m[K node = std::make_shared<rclcpp::Node>("cpp_test");
[2.615s]       |     [01;31m[K^~~~~[m[K
[2.615s]       |     [32m[Kauto[m[K
[2.616s] In file included from [01m[K/opt/ros/humble/include/rclcpp/rclcpp/client.hpp:40[m[K,
[2.616s]                  from [01m[K/opt/ros/humble/include/rclcpp/rclcpp/callback_group.hpp:23[m[K,
[2.616s]                  from [01m[K/opt/ros/humble/include/rclcpp/rclcpp/any_executable.hpp:20[m[K,
[2.616s]                  from [01m[K/opt/ros/humble/include/rclcpp/rclcpp/memory_strategy.hpp:25[m[K,
[2.617s]                  from [01m[K/opt/ros/humble/include/rclcpp/rclcpp/memory_strategies.hpp:18[m[K,
[2.617s]                  from [01m[K/opt/ros/humble/include/rclcpp/rclcpp/executor_options.hpp:20[m[K,
[2.617s]                  from [01m[K/opt/ros/humble/include/rclcpp/rclcpp/executor.hpp:37[m[K,
[2.617s]                  from [01m[K/opt/ros/humble/include/rclcpp/rclcpp/executors/multi_threaded_executor.hpp:25[m[K,
[2.617s]                  from [01m[K/opt/ros/humble/include/rclcpp/rclcpp/executors.hpp:21[m[K,
[2.617s]                  from [01m[K/opt/ros/humble/include/rclcpp/rclcpp/rclcpp.hpp:155[m[K,
[2.617s]                  from [01m[K/home/kavin/ros2_ws/src/my_cpp_pkg/src/my_first_node.cpp:1[m[K:
[2.617s] [01m[K/home/kavin/ros2_ws/src/my_cpp_pkg/src/my_first_node.cpp:8:17:[m[K [01;31m[Kerror: [m[Kâ€˜[01m[Knode[m[Kâ€™ was not declared in this scope
[2.617s]     8 |     RCLCPP_INFO([01;31m[Knode[m[K->get_logger(), "Hello Cpp Node");
[2.617s]       |                 [01;31m[K^~~~[m[K
[2.617s] [01m[K/home/kavin/ros2_ws/src/my_cpp_pkg/src/my_first_node.cpp:8:5:[m[K [01;31m[Kerror: [m[Ktemplate argument 1 is invalid
[2.617s]     8 |     [01;31m[KRCLCPP_INFO[m[K(node->get_logger(), "Hello Cpp Node");
[2.617s]       |     [01;31m[K^~~~~~~~~~~[m[K
[2.617s] [01m[K/home/kavin/ros2_ws/src/my_cpp_pkg/src/my_first_node.cpp:8:5:[m[K [01;31m[Kerror: [m[Kâ€˜[01m[K<declaration error>[m[Kâ€™ is not a template [[01;31m[K]8;;https://gcc.gnu.org/onlinedocs/gcc/Warning-Options.html#index-fpermissive-fpermissive]8;;[m[K]
[2.617s]     8 |     [01;31m[KRCLCPP_INFO[m[K(node->get_logger(), "Hello Cpp Node");
[2.617s]       |     [01;31m[K^~~~~~~~~~~[m[K
[2.617s] [01m[K/home/kavin/ros2_ws/src/my_cpp_pkg/src/my_first_node.cpp:8:5:[m[K [01;31m[Kerror: [m[Ktemplate argument 1 is invalid
[2.617s]     8 |     [01;31m[KRCLCPP_INFO[m[K(node->get_logger(), "Hello Cpp Node");
[2.617s]       |     [01;31m[K^~~~~~~~~~~[m[K
[2.617s] [01m[K/home/kavin/ros2_ws/src/my_cpp_pkg/src/my_first_node.cpp:8:5:[m[K [01;31m[Kerror: [m[Kâ€˜[01m[K<declaration error>[m[Kâ€™ is not a template [[01;31m[K]8;;https://gcc.gnu.org/onlinedocs/gcc/Warning-Options.html#index-fpermissive-fpermissive]8;;[m[K]
[2.617s]     8 |     [01;31m[KRCLCPP_INFO[m[K(node->get_logger(), "Hello Cpp Node");
[2.617s]       |     [01;31m[K^~~~~~~~~~~[m[K
[2.617s] [01m[K/home/kavin/ros2_ws/src/my_cpp_pkg/src/my_first_node.cpp:8:5:[m[K [01;31m[Kerror: [m[Ktemplate argument 1 is invalid
[2.617s]     8 |     [01;31m[KRCLCPP_INFO[m[K(node->get_logger(), "Hello Cpp Node");
[2.617s]       |     [01;31m[K^~~~~~~~~~~[m[K
[2.618s] [01m[K/home/kavin/ros2_ws/src/my_cpp_pkg/src/my_first_node.cpp:9:18:[m[K [01;31m[Kerror: [m[Kâ€˜[01m[Knode[m[Kâ€™ was not declared in this scope
[2.618s]     9 |     rclcpp::spin([01;31m[Knode[m[K);
[2.618s]       |                  [01;31m[K^~~~[m[K
[2.913s] make[2]: *** [CMakeFiles/cpp_node.dir/build.make:76: CMakeFiles/cpp_node.dir/src/my_first_node.cpp.o] Error 1
[2.913s] make[1]: *** [CMakeFiles/Makefile2:137: CMakeFiles/cpp_node.dir/all] Error 2
[2.913s] make: *** [Makefile:146: all] Error 2
[2.915s] Invoked command in '/home/kavin/ros2_ws/build/my_cpp_pkg' returned '2': CMAKE_PREFIX_PATH=${CMAKE_PREFIX_PATH}:/home/kavin/ros2_ws/install/my_py_pkg LINENO=1 _=/usr/bin/env /usr/bin/cmake --build /home/kavin/ros2_ws/build/my_cpp_pkg -- -j24 -l24
